This is pdfTeX, Version 3.141592653-2.6-1.40.23 (TeX Live 2022/dev) (preloaded format=pdflatex 2021.12.6)  6 DEC 2021 15:57
entering extended mode
 restricted \write18 enabled.
 %&-line parsing enabled.
**Biol-806-Final-Project.tex
(./Biol-806-Final-Project.tex
LaTeX2e <2021-11-15>
L3 programming layer <2021-11-22> (/Users/aliyacaldwell/Library/TinyTeX/texmf-d
ist/tex/latex/base/article.cls
Document Class: article 2021/10/04 v1.4n Standard LaTeX document class
(/Users/aliyacaldwell/Library/TinyTeX/texmf-dist/tex/latex/base/size10.clo
File: size10.clo 2021/10/04 v1.4n Standard LaTeX file (size option)
)
\c@part=\count183
\c@section=\count184
\c@subsection=\count185
\c@subsubsection=\count186
\c@paragraph=\count187
\c@subparagraph=\count188
\c@figure=\count189
\c@table=\count190
\abovecaptionskip=\skip47
\belowcaptionskip=\skip48
\bibindent=\dimen138
) (/Users/aliyacaldwell/Library/TinyTeX/texmf-dist/tex/latex/lm/lmodern.sty
Package: lmodern 2015/05/01 v1.6.1 Latin Modern Fonts
LaTeX Font Info:    Overwriting symbol font `operators' in version `normal'
(Font)                  OT1/cmr/m/n --> OT1/lmr/m/n on input line 22.
LaTeX Font Info:    Overwriting symbol font `letters' in version `normal'
(Font)                  OML/cmm/m/it --> OML/lmm/m/it on input line 23.
LaTeX Font Info:    Overwriting symbol font `symbols' in version `normal'
(Font)                  OMS/cmsy/m/n --> OMS/lmsy/m/n on input line 24.
LaTeX Font Info:    Overwriting symbol font `largesymbols' in version `normal'
(Font)                  OMX/cmex/m/n --> OMX/lmex/m/n on input line 25.
LaTeX Font Info:    Overwriting symbol font `operators' in version `bold'
(Font)                  OT1/cmr/bx/n --> OT1/lmr/bx/n on input line 26.
LaTeX Font Info:    Overwriting symbol font `letters' in version `bold'
(Font)                  OML/cmm/b/it --> OML/lmm/b/it on input line 27.
LaTeX Font Info:    Overwriting symbol font `symbols' in version `bold'
(Font)                  OMS/cmsy/b/n --> OMS/lmsy/b/n on input line 28.
LaTeX Font Info:    Overwriting symbol font `largesymbols' in version `bold'
(Font)                  OMX/cmex/m/n --> OMX/lmex/m/n on input line 29.
LaTeX Font Info:    Overwriting math alphabet `\mathbf' in version `normal'
(Font)                  OT1/cmr/bx/n --> OT1/lmr/bx/n on input line 31.
LaTeX Font Info:    Overwriting math alphabet `\mathsf' in version `normal'
(Font)                  OT1/cmss/m/n --> OT1/lmss/m/n on input line 32.
LaTeX Font Info:    Overwriting math alphabet `\mathit' in version `normal'
(Font)                  OT1/cmr/m/it --> OT1/lmr/m/it on input line 33.
LaTeX Font Info:    Overwriting math alphabet `\mathtt' in version `normal'
(Font)                  OT1/cmtt/m/n --> OT1/lmtt/m/n on input line 34.
LaTeX Font Info:    Overwriting math alphabet `\mathbf' in version `bold'
(Font)                  OT1/cmr/bx/n --> OT1/lmr/bx/n on input line 35.
LaTeX Font Info:    Overwriting math alphabet `\mathsf' in version `bold'
(Font)                  OT1/cmss/bx/n --> OT1/lmss/bx/n on input line 36.
LaTeX Font Info:    Overwriting math alphabet `\mathit' in version `bold'
(Font)                  OT1/cmr/bx/it --> OT1/lmr/bx/it on input line 37.
LaTeX Font Info:    Overwriting math alphabet `\mathtt' in version `bold'
(Font)                  OT1/cmtt/m/n --> OT1/lmtt/m/n on input line 38.
)
(/Users/aliyacaldwell/Library/TinyTeX/texmf-dist/tex/latex/amsfonts/amssymb.sty
Package: amssymb 2013/01/14 v3.01 AMS font symbols

(/Users/aliyacaldwell/Library/TinyTeX/texmf-dist/tex/latex/amsfonts/amsfonts.st
y
Package: amsfonts 2013/01/14 v3.01 Basic AMSFonts support
\@emptytoks=\toks16
\symAMSa=\mathgroup4
\symAMSb=\mathgroup5
LaTeX Font Info:    Redeclaring math symbol \hbar on input line 98.
LaTeX Font Info:    Overwriting math alphabet `\mathfrak' in version `bold'
(Font)                  U/euf/m/n --> U/euf/b/n on input line 106.
)) (/Users/aliyacaldwell/Library/TinyTeX/texmf-dist/tex/latex/amsmath/amsmath.s
ty
Package: amsmath 2021/10/15 v2.17l AMS math features
\@mathmargin=\skip49
For additional information on amsmath, use the `?' option.
(/Users/aliyacaldwell/Library/TinyTeX/texmf-dist/tex/latex/amsmath/amstext.sty
Package: amstext 2021/08/26 v2.01 AMS text
(/Users/aliyacaldwell/Library/TinyTeX/texmf-dist/tex/latex/amsmath/amsgen.sty
File: amsgen.sty 1999/11/30 v2.0 generic functions
\@emptytoks=\toks17
\ex@=\dimen139
)) (/Users/aliyacaldwell/Library/TinyTeX/texmf-dist/tex/latex/amsmath/amsbsy.st
y
Package: amsbsy 1999/11/29 v1.2d Bold Symbols
\pmbraise@=\dimen140
) (/Users/aliyacaldwell/Library/TinyTeX/texmf-dist/tex/latex/amsmath/amsopn.sty
Package: amsopn 2021/08/26 v2.02 operator names
)
\inf@bad=\count191
LaTeX Info: Redefining \frac on input line 234.
\uproot@=\count192
\leftroot@=\count193
LaTeX Info: Redefining \overline on input line 399.
\classnum@=\count194
\DOTSCASE@=\count195
LaTeX Info: Redefining \ldots on input line 496.
LaTeX Info: Redefining \dots on input line 499.
LaTeX Info: Redefining \cdots on input line 620.
\Mathstrutbox@=\box50
\strutbox@=\box51
\big@size=\dimen141
LaTeX Font Info:    Redeclaring font encoding OML on input line 743.
LaTeX Font Info:    Redeclaring font encoding OMS on input line 744.
\macc@depth=\count196
\c@MaxMatrixCols=\count197
\dotsspace@=\muskip16
\c@parentequation=\count198
\dspbrk@lvl=\count199
\tag@help=\toks18
\row@=\count266
\column@=\count267
\maxfields@=\count268
\andhelp@=\toks19
\eqnshift@=\dimen142
\alignsep@=\dimen143
\tagshift@=\dimen144
\tagwidth@=\dimen145
\totwidth@=\dimen146
\lineht@=\dimen147
\@envbody=\toks20
\multlinegap=\skip50
\multlinetaggap=\skip51
\mathdisplay@stack=\toks21
LaTeX Info: Redefining \[ on input line 2938.
LaTeX Info: Redefining \] on input line 2939.
) (/Users/aliyacaldwell/Library/TinyTeX/texmf-dist/tex/generic/iftex/ifxetex.st
y
Package: ifxetex 2019/10/25 v0.7 ifxetex legacy package. Use iftex instead.
(/Users/aliyacaldwell/Library/TinyTeX/texmf-dist/tex/generic/iftex/iftex.sty
Package: iftex 2020/03/06 v1.0d TeX engine tests
))
(/Users/aliyacaldwell/Library/TinyTeX/texmf-dist/tex/generic/iftex/ifluatex.sty
Package: ifluatex 2019/10/25 v1.5 ifluatex legacy package. Use iftex instead.
) (/Users/aliyacaldwell/Library/TinyTeX/texmf-dist/tex/latex/base/fixltx2e.sty
Package: fixltx2e 2016/12/29 v2.1a fixes to LaTeX (obsolete)
Applying: [2015/01/01] Old fixltx2e package on input line 46.

Package fixltx2e Warning: fixltx2e is not required with releases after 2015
(fixltx2e)                All fixes are now in the LaTeX kernel.
(fixltx2e)                See the latexrelease package for details.

Already applied: [0000/00/00] Old fixltx2e package on input line 53.
) (/Users/aliyacaldwell/Library/TinyTeX/texmf-dist/tex/latex/base/fontenc.sty
Package: fontenc 2021/04/29 v2.0v Standard LaTeX package
LaTeX Font Info:    Trying to load font information for T1+lmr on input line 11
2.
(/Users/aliyacaldwell/Library/TinyTeX/texmf-dist/tex/latex/lm/t1lmr.fd
File: t1lmr.fd 2015/05/01 v1.6.1 Font defs for Latin Modern
)) (/Users/aliyacaldwell/Library/TinyTeX/texmf-dist/tex/latex/base/inputenc.sty
Package: inputenc 2021/02/14 v1.3d Input encoding file
\inpenc@prehook=\toks22
\inpenc@posthook=\toks23
)
(/Users/aliyacaldwell/Library/TinyTeX/texmf-dist/tex/latex/hyperref/hyperref.st
y
Package: hyperref 2021-06-07 v7.00m Hypertext links for LaTeX

(/Users/aliyacaldwell/Library/TinyTeX/texmf-dist/tex/generic/ltxcmds/ltxcmds.st
y
Package: ltxcmds 2020-05-10 v1.25 LaTeX kernel commands for general use (HO)
)
(/Users/aliyacaldwell/Library/TinyTeX/texmf-dist/tex/generic/pdftexcmds/pdftexc
mds.sty
Package: pdftexcmds 2020-06-27 v0.33 Utility functions of pdfTeX for LuaTeX (HO
)

(/Users/aliyacaldwell/Library/TinyTeX/texmf-dist/tex/generic/infwarerr/infwarer
r.sty
Package: infwarerr 2019/12/03 v1.5 Providing info/warning/error messages (HO)
)
Package pdftexcmds Info: \pdf@primitive is available.
Package pdftexcmds Info: \pdf@ifprimitive is available.
Package pdftexcmds Info: \pdfdraftmode found.
) (/Users/aliyacaldwell/Library/TinyTeX/texmf-dist/tex/latex/graphics/keyval.st
y
Package: keyval 2014/10/28 v1.15 key=value parser (DPC)
\KV@toks@=\toks24
)
(/Users/aliyacaldwell/Library/TinyTeX/texmf-dist/tex/generic/kvsetkeys/kvsetkey
s.sty
Package: kvsetkeys 2019/12/15 v1.18 Key value parser (HO)
)
(/Users/aliyacaldwell/Library/TinyTeX/texmf-dist/tex/generic/kvdefinekeys/kvdef
inekeys.sty
Package: kvdefinekeys 2019-12-19 v1.6 Define keys (HO)
)
(/Users/aliyacaldwell/Library/TinyTeX/texmf-dist/tex/generic/pdfescape/pdfescap
e.sty
Package: pdfescape 2019/12/09 v1.15 Implements pdfTeX's escape features (HO)
) (/Users/aliyacaldwell/Library/TinyTeX/texmf-dist/tex/latex/hycolor/hycolor.st
y
Package: hycolor 2020-01-27 v1.10 Color options for hyperref/bookmark (HO)
)
(/Users/aliyacaldwell/Library/TinyTeX/texmf-dist/tex/latex/letltxmacro/letltxma
cro.sty
Package: letltxmacro 2019/12/03 v1.6 Let assignment for LaTeX macros (HO)
) (/Users/aliyacaldwell/Library/TinyTeX/texmf-dist/tex/latex/auxhook/auxhook.st
y
Package: auxhook 2019-12-17 v1.6 Hooks for auxiliary files (HO)
)
(/Users/aliyacaldwell/Library/TinyTeX/texmf-dist/tex/latex/kvoptions/kvoptions.
sty
Package: kvoptions 2020-10-07 v3.14 Key value format for package options (HO)
)
\@linkdim=\dimen148
\Hy@linkcounter=\count269
\Hy@pagecounter=\count270
(/Users/aliyacaldwell/Library/TinyTeX/texmf-dist/tex/latex/hyperref/pd1enc.def
File: pd1enc.def 2021-06-07 v7.00m Hyperref: PDFDocEncoding definition (HO)
Now handling font encoding PD1 ...
... no UTF-8 mapping file for font encoding PD1
)
(/Users/aliyacaldwell/Library/TinyTeX/texmf-dist/tex/latex/hyperref/hyperref-la
ngpatches.def
File: hyperref-langpatches.def 2021-06-07 v7.00m Hyperref: patches for babel la
nguages
)
(/Users/aliyacaldwell/Library/TinyTeX/texmf-dist/tex/generic/intcalc/intcalc.st
y
Package: intcalc 2019/12/15 v1.3 Expandable calculations with integers (HO)
)
(/Users/aliyacaldwell/Library/TinyTeX/texmf-dist/tex/generic/etexcmds/etexcmds.
sty
Package: etexcmds 2019/12/15 v1.7 Avoid name clashes with e-TeX commands (HO)
)
\Hy@SavedSpaceFactor=\count271
(/Users/aliyacaldwell/Library/TinyTeX/texmf-dist/tex/latex/hyperref/puenc.def
File: puenc.def 2021-06-07 v7.00m Hyperref: PDF Unicode definition (HO)
Now handling font encoding PU ...
... no UTF-8 mapping file for font encoding PU
)
Package hyperref Info: Option `unicode' set `true' on input line 4073.
Package hyperref Info: Hyper figures OFF on input line 4192.
Package hyperref Info: Link nesting OFF on input line 4197.
Package hyperref Info: Hyper index ON on input line 4200.
Package hyperref Info: Plain pages OFF on input line 4207.
Package hyperref Info: Backreferencing OFF on input line 4212.
Package hyperref Info: Implicit mode ON; LaTeX internals redefined.
Package hyperref Info: Bookmarks ON on input line 4445.
\c@Hy@tempcnt=\count272
(/Users/aliyacaldwell/Library/TinyTeX/texmf-dist/tex/latex/url/url.sty
\Urlmuskip=\muskip17
Package: url 2013/09/16  ver 3.4  Verb mode for urls, etc.
)
LaTeX Info: Redefining \url on input line 4804.
\XeTeXLinkMargin=\dimen149
(/Users/aliyacaldwell/Library/TinyTeX/texmf-dist/tex/generic/bitset/bitset.sty
Package: bitset 2019/12/09 v1.3 Handle bit-vector datatype (HO)

(/Users/aliyacaldwell/Library/TinyTeX/texmf-dist/tex/generic/bigintcalc/bigintc
alc.sty
Package: bigintcalc 2019/12/15 v1.5 Expandable calculations on big integers (HO
)
))
\Fld@menulength=\count273
\Field@Width=\dimen150
\Fld@charsize=\dimen151
Package hyperref Info: Hyper figures OFF on input line 6076.
Package hyperref Info: Link nesting OFF on input line 6081.
Package hyperref Info: Hyper index ON on input line 6084.
Package hyperref Info: backreferencing OFF on input line 6091.
Package hyperref Info: Link coloring OFF on input line 6096.
Package hyperref Info: Link coloring with OCG OFF on input line 6101.
Package hyperref Info: PDF/A mode OFF on input line 6106.
LaTeX Info: Redefining \ref on input line 6146.
LaTeX Info: Redefining \pageref on input line 6150.

(/Users/aliyacaldwell/Library/TinyTeX/texmf-dist/tex/latex/base/atbegshi-ltx.st
y
Package: atbegshi-ltx 2021/01/10 v1.0c Emulation of the original atbegshi
package with kernel methods
)
\Hy@abspage=\count274
\c@Item=\count275
\c@Hfootnote=\count276
)
Package hyperref Info: Driver (autodetected): hpdftex.

(/Users/aliyacaldwell/Library/TinyTeX/texmf-dist/tex/latex/hyperref/hpdftex.def
File: hpdftex.def 2021-06-07 v7.00m Hyperref driver for pdfTeX

(/Users/aliyacaldwell/Library/TinyTeX/texmf-dist/tex/latex/base/atveryend-ltx.s
ty
Package: atveryend-ltx 2020/08/19 v1.0a Emulation of the original atveryend pac
kage
with kernel methods
)
\Fld@listcount=\count277
\c@bookmark@seq@number=\count278

(/Users/aliyacaldwell/Library/TinyTeX/texmf-dist/tex/latex/rerunfilecheck/rerun
filecheck.sty
Package: rerunfilecheck 2019/12/05 v1.9 Rerun checks for auxiliary files (HO)

(/Users/aliyacaldwell/Library/TinyTeX/texmf-dist/tex/generic/uniquecounter/uniq
uecounter.sty
Package: uniquecounter 2019/12/15 v1.4 Provide unlimited unique counter (HO)
)
Package uniquecounter Info: New unique counter `rerunfilecheck' on input line 2
86.
)
\Hy@SectionHShift=\skip52
)
Package hyperref Info: Option `breaklinks' set `true' on input line 30.

(/Users/aliyacaldwell/Library/TinyTeX/texmf-dist/tex/latex/geometry/geometry.st
y
Package: geometry 2020/01/02 v5.9 Page Geometry
(/Users/aliyacaldwell/Library/TinyTeX/texmf-dist/tex/generic/iftex/ifvtex.sty
Package: ifvtex 2019/10/25 v1.7 ifvtex legacy package. Use iftex instead.
)
\Gm@cnth=\count279
\Gm@cntv=\count280
\c@Gm@tempcnt=\count281
\Gm@bindingoffset=\dimen152
\Gm@wd@mp=\dimen153
\Gm@odd@mp=\dimen154
\Gm@even@mp=\dimen155
\Gm@layoutwidth=\dimen156
\Gm@layoutheight=\dimen157
\Gm@layouthoffset=\dimen158
\Gm@layoutvoffset=\dimen159
\Gm@dimlist=\toks25
)
(/Users/aliyacaldwell/Library/TinyTeX/texmf-dist/tex/latex/graphics/graphicx.st
y
Package: graphicx 2021/09/16 v1.2d Enhanced LaTeX Graphics (DPC,SPQR)

(/Users/aliyacaldwell/Library/TinyTeX/texmf-dist/tex/latex/graphics/graphics.st
y
Package: graphics 2021/03/04 v1.4d Standard LaTeX Graphics (DPC,SPQR)
(/Users/aliyacaldwell/Library/TinyTeX/texmf-dist/tex/latex/graphics/trig.sty
Package: trig 2021/08/11 v1.11 sin cos tan (DPC)
)
(/Users/aliyacaldwell/Library/TinyTeX/texmf-dist/tex/latex/graphics-cfg/graphic
s.cfg
File: graphics.cfg 2016/06/04 v1.11 sample graphics configuration
)
Package graphics Info: Driver file: pdftex.def on input line 107.

(/Users/aliyacaldwell/Library/TinyTeX/texmf-dist/tex/latex/graphics-def/pdftex.
def
File: pdftex.def 2020/10/05 v1.2a Graphics/color driver for pdftex
))
\Gin@req@height=\dimen160
\Gin@req@width=\dimen161
) (/Users/aliyacaldwell/Library/TinyTeX/texmf-dist/tex/latex/grffile/grffile.st
y
Package: grffile 2019/11/11 v2.1 Extended file name support for graphics (legac
y)
Package grffile Info: This package is an empty stub for compatibility on input 
line 40.
)
(/Users/aliyacaldwell/Library/TinyTeX/texmf-dist/tex/latex/l3backend/l3backend-
pdftex.def
File: l3backend-pdftex.def 2021-10-18 L3 backend support: PDF output (pdfTeX)
\l__color_backend_stack_int=\count282
\l__pdf_internal_box=\box52
) (./Biol-806-Final-Project.aux)
\openout1 = `Biol-806-Final-Project.aux'.

LaTeX Font Info:    Checking defaults for OML/cmm/m/it on input line 72.
LaTeX Font Info:    ... okay on input line 72.
LaTeX Font Info:    Checking defaults for OMS/cmsy/m/n on input line 72.
LaTeX Font Info:    ... okay on input line 72.
LaTeX Font Info:    Checking defaults for OT1/cmr/m/n on input line 72.
LaTeX Font Info:    ... okay on input line 72.
LaTeX Font Info:    Checking defaults for T1/cmr/m/n on input line 72.
LaTeX Font Info:    ... okay on input line 72.
LaTeX Font Info:    Checking defaults for TS1/cmr/m/n on input line 72.
LaTeX Font Info:    ... okay on input line 72.
LaTeX Font Info:    Checking defaults for OMX/cmex/m/n on input line 72.
LaTeX Font Info:    ... okay on input line 72.
LaTeX Font Info:    Checking defaults for U/cmr/m/n on input line 72.
LaTeX Font Info:    ... okay on input line 72.
LaTeX Font Info:    Checking defaults for PD1/pdf/m/n on input line 72.
LaTeX Font Info:    ... okay on input line 72.
LaTeX Font Info:    Checking defaults for PU/pdf/m/n on input line 72.
LaTeX Font Info:    ... okay on input line 72.
Package hyperref Info: Link coloring OFF on input line 72.

(/Users/aliyacaldwell/Library/TinyTeX/texmf-dist/tex/latex/hyperref/nameref.sty
Package: nameref 2021-04-02 v2.47 Cross-referencing by name of section

(/Users/aliyacaldwell/Library/TinyTeX/texmf-dist/tex/latex/refcount/refcount.st
y
Package: refcount 2019/12/15 v3.6 Data extraction from label references (HO)
)
(/Users/aliyacaldwell/Library/TinyTeX/texmf-dist/tex/generic/gettitlestring/get
titlestring.sty
Package: gettitlestring 2019/12/15 v1.6 Cleanup title references (HO)
)
\c@section@level=\count283
)
LaTeX Info: Redefining \ref on input line 72.
LaTeX Info: Redefining \pageref on input line 72.
LaTeX Info: Redefining \nameref on input line 72.
(./Biol-806-Final-Project.out) (./Biol-806-Final-Project.out)
\@outlinefile=\write3
\openout3 = `Biol-806-Final-Project.out'.

*geometry* driver: auto-detecting
*geometry* detected driver: pdftex
*geometry* verbose mode - [ preamble ] result:
* driver: pdftex
* paper: <default>
* layout: <same size as paper>
* layoutoffset:(h,v)=(0.0pt,0.0pt)
* modes: 
* h-part:(L,W,R)=(72.26999pt, 469.75502pt, 72.26999pt)
* v-part:(T,H,B)=(72.26999pt, 650.43001pt, 72.26999pt)
* \paperwidth=614.295pt
* \paperheight=794.96999pt
* \textwidth=469.75502pt
* \textheight=650.43001pt
* \oddsidemargin=0.0pt
* \evensidemargin=0.0pt
* \topmargin=-37.0pt
* \headheight=12.0pt
* \headsep=25.0pt
* \topskip=10.0pt
* \footskip=30.0pt
* \marginparwidth=65.0pt
* \marginparsep=11.0pt
* \columnsep=10.0pt
* \skip\footins=9.0pt plus 4.0pt minus 2.0pt
* \hoffset=0.0pt
* \voffset=0.0pt
* \mag=1000
* \@twocolumnfalse
* \@twosidefalse
* \@mparswitchfalse
* \@reversemarginfalse
* (1in=72.27pt=25.4mm, 1cm=28.453pt)


(/Users/aliyacaldwell/Library/TinyTeX/texmf-dist/tex/latex/epstopdf-pkg/epstopd
f-base.sty
Package: epstopdf-base 2020-01-24 v2.11 Base part for package epstopdf
Package epstopdf-base Info: Redefining graphics rule for `.eps' on input line 4
85.

(/Users/aliyacaldwell/Library/TinyTeX/texmf-dist/tex/latex/latexconfig/epstopdf
-sys.cfg
File: epstopdf-sys.cfg 2010/07/13 v1.3 Configuration of (r)epstopdf for TeX Liv
e
))
LaTeX Font Info:    Trying to load font information for OT1+lmr on input line 7
4.
(/Users/aliyacaldwell/Library/TinyTeX/texmf-dist/tex/latex/lm/ot1lmr.fd
File: ot1lmr.fd 2015/05/01 v1.6.1 Font defs for Latin Modern
)
LaTeX Font Info:    Trying to load font information for OML+lmm on input line 7
4.
(/Users/aliyacaldwell/Library/TinyTeX/texmf-dist/tex/latex/lm/omllmm.fd
File: omllmm.fd 2015/05/01 v1.6.1 Font defs for Latin Modern
)
LaTeX Font Info:    Trying to load font information for OMS+lmsy on input line 
74.
(/Users/aliyacaldwell/Library/TinyTeX/texmf-dist/tex/latex/lm/omslmsy.fd
File: omslmsy.fd 2015/05/01 v1.6.1 Font defs for Latin Modern
)
LaTeX Font Info:    Trying to load font information for OMX+lmex on input line 
74.
(/Users/aliyacaldwell/Library/TinyTeX/texmf-dist/tex/latex/lm/omxlmex.fd
File: omxlmex.fd 2015/05/01 v1.6.1 Font defs for Latin Modern
)
LaTeX Font Info:    External font `lmex10' loaded for size
(Font)              <12> on input line 74.
LaTeX Font Info:    External font `lmex10' loaded for size
(Font)              <8> on input line 74.
LaTeX Font Info:    External font `lmex10' loaded for size
(Font)              <6> on input line 74.
LaTeX Font Info:    Trying to load font information for U+msa on input line 74.

(/Users/aliyacaldwell/Library/TinyTeX/texmf-dist/tex/latex/amsfonts/umsa.fd
File: umsa.fd 2013/01/14 v3.01 AMS symbols A
)
LaTeX Font Info:    Trying to load font information for U+msb on input line 74.

(/Users/aliyacaldwell/Library/TinyTeX/texmf-dist/tex/latex/amsfonts/umsb.fd
File: umsb.fd 2013/01/14 v3.01 AMS symbols B
) [1

{/Users/aliyacaldwell/Library/TinyTeX/texmf-var/fonts/map/pdftex/updmap/pdftex.
map}]
<Biol-806-Final-Project_files/figure-latex/unnamed-chunk-1-1.pdf, id=47, 566.11
5pt x 353.32pt>
File: Biol-806-Final-Project_files/figure-latex/unnamed-chunk-1-1.pdf Graphic f
ile (type pdf)
<use Biol-806-Final-Project_files/figure-latex/unnamed-chunk-1-1.pdf>
Package pdftex.def Info: Biol-806-Final-Project_files/figure-latex/unnamed-chun
k-1-1.pdf  used on input line 198.
(pdftex.def)             Requested size: 469.76303pt x 293.18544pt.
<Biol-806-Final-Project_files/figure-latex/unnamed-chunk-2-1.pdf, id=49, 572.13
75pt x 336.25626pt>
File: Biol-806-Final-Project_files/figure-latex/unnamed-chunk-2-1.pdf Graphic f
ile (type pdf)
<use Biol-806-Final-Project_files/figure-latex/unnamed-chunk-2-1.pdf>
Package pdftex.def Info: Biol-806-Final-Project_files/figure-latex/unnamed-chun
k-2-1.pdf  used on input line 214.
(pdftex.def)             Requested size: 469.75816pt x 276.08594pt.
LaTeX Font Info:    Trying to load font information for T1+lmtt on input line 2
19.
(/Users/aliyacaldwell/Library/TinyTeX/texmf-dist/tex/latex/lm/t1lmtt.fd
File: t1lmtt.fd 2015/05/01 v1.6.1 Font defs for Latin Modern
)
<Biol-806-Final-Project_files/figure-latex/unnamed-chunk-3-1.pdf, id=53, 566.11
5pt x 352.31625pt>
File: Biol-806-Final-Project_files/figure-latex/unnamed-chunk-3-1.pdf Graphic f
ile (type pdf)
<use Biol-806-Final-Project_files/figure-latex/unnamed-chunk-3-1.pdf>
Package pdftex.def Info: Biol-806-Final-Project_files/figure-latex/unnamed-chun
k-3-1.pdf  used on input line 235.
(pdftex.def)             Requested size: 469.76303pt x 292.35252pt.
[2] [3 <./Biol-806-Final-Project_files/figure-latex/unnamed-chunk-1-1.pdf> <./B
iol-806-Final-Project_files/figure-latex/unnamed-chunk-2-1.pdf>]
<Biol-806-Final-Project_files/figure-latex/unnamed-chunk-4-1.pdf, id=83, 573.14
125pt x 346.29375pt>
File: Biol-806-Final-Project_files/figure-latex/unnamed-chunk-4-1.pdf Graphic f
ile (type pdf)
<use Biol-806-Final-Project_files/figure-latex/unnamed-chunk-4-1.pdf>
Package pdftex.def Info: Biol-806-Final-Project_files/figure-latex/unnamed-chun
k-4-1.pdf  used on input line 257.
(pdftex.def)             Requested size: 469.76022pt x 283.8306pt.
<Biol-806-Final-Project_files/figure-latex/unnamed-chunk-5-1.pdf, id=84, 572.13
75pt x 341.275pt>
File: Biol-806-Final-Project_files/figure-latex/unnamed-chunk-5-1.pdf Graphic f
ile (type pdf)
<use Biol-806-Final-Project_files/figure-latex/unnamed-chunk-5-1.pdf>
Package pdftex.def Info: Biol-806-Final-Project_files/figure-latex/unnamed-chun
k-5-1.pdf  used on input line 265.
(pdftex.def)             Requested size: 469.75816pt x 280.2066pt.

LaTeX Warning: Reference `fig:herringSizeMultPane' on page 4 undefined on input
 line 273.

<Biol-806-Final-Project_files/figure-latex/unnamed-chunk-6-1.pdf, id=86, 562.1p
t x 352.31625pt>
File: Biol-806-Final-Project_files/figure-latex/unnamed-chunk-6-1.pdf Graphic f
ile (type pdf)
<use Biol-806-Final-Project_files/figure-latex/unnamed-chunk-6-1.pdf>
Package pdftex.def Info: Biol-806-Final-Project_files/figure-latex/unnamed-chun
k-6-1.pdf  used on input line 278.
(pdftex.def)             Requested size: 469.75067pt x 294.433pt.
<Biol-806-Final-Project_files/figure-latex/unnamed-chunk-7-1.pdf, id=87, 562.1p
t x 352.31625pt>
File: Biol-806-Final-Project_files/figure-latex/unnamed-chunk-7-1.pdf Graphic f
ile (type pdf)
<use Biol-806-Final-Project_files/figure-latex/unnamed-chunk-7-1.pdf>
Package pdftex.def Info: Biol-806-Final-Project_files/figure-latex/unnamed-chun
k-7-1.pdf  used on input line 285.
(pdftex.def)             Requested size: 469.75067pt x 294.433pt.

LaTeX Warning: Reference `fig:hakeSizeMultPane' on page 4 undefined on input li
ne 293.

<Biol-806-Final-Project_files/figure-latex/unnamed-chunk-8-1.pdf, id=89, 562.1p
t x 352.31625pt>
File: Biol-806-Final-Project_files/figure-latex/unnamed-chunk-8-1.pdf Graphic f
ile (type pdf)
<use Biol-806-Final-Project_files/figure-latex/unnamed-chunk-8-1.pdf>
Package pdftex.def Info: Biol-806-Final-Project_files/figure-latex/unnamed-chun
k-8-1.pdf  used on input line 298.
(pdftex.def)             Requested size: 469.75067pt x 294.433pt.
<Biol-806-Final-Project_files/figure-latex/unnamed-chunk-9-1.pdf, id=90, 562.1p
t x 352.31625pt>
File: Biol-806-Final-Project_files/figure-latex/unnamed-chunk-9-1.pdf Graphic f
ile (type pdf)
<use Biol-806-Final-Project_files/figure-latex/unnamed-chunk-9-1.pdf>
Package pdftex.def Info: Biol-806-Final-Project_files/figure-latex/unnamed-chun
k-9-1.pdf  used on input line 305.
(pdftex.def)             Requested size: 469.75067pt x 294.433pt.
[4 <./Biol-806-Final-Project_files/figure-latex/unnamed-chunk-3-1.pdf>] [5 <./B
iol-806-Final-Project_files/figure-latex/unnamed-chunk-4-1.pdf> <./Biol-806-Fin
al-Project_files/figure-latex/unnamed-chunk-5-1.pdf>] [6 <./Biol-806-Final-Proj
ect_files/figure-latex/unnamed-chunk-6-1.pdf> <./Biol-806-Final-Project_files/f
igure-latex/unnamed-chunk-7-1.pdf>] [7 <./Biol-806-Final-Project_files/figure-l
atex/unnamed-chunk-8-1.pdf> <./Biol-806-Final-Project_files/figure-latex/unname
d-chunk-9-1.pdf>] (./Biol-806-Final-Project.aux)

LaTeX Warning: There were undefined references.

Package rerunfilecheck Info: File `Biol-806-Final-Project.out' has not changed.

(rerunfilecheck)             Checksum: 89C676AD575B9D050A1AF047F39882CC;938.
 ) 
Here is how much of TeX's memory you used:
 10123 strings out of 480313
 164084 string characters out of 5895947
 454222 words of memory out of 5000000
 27808 multiletter control sequences out of 15000+600000
 431006 words of font info for 49 fonts, out of 8000000 for 9000
 14 hyphenation exceptions out of 8191
 60i,6n,63p,310b,354s stack positions out of 5000i,500n,10000p,200000b,80000s
{/Users/aliyacaldwell/Library/TinyTeX/texmf-dist/fonts/enc/dvips/lm/lm-ec.enc
}</Users/aliyacaldwell/Library/TinyTeX/texmf-dist/fonts/type1/public/lm/lmbx10.
pfb></Users/aliyacaldwell/Library/TinyTeX/texmf-dist/fonts/type1/public/lm/lmbx
12.pfb></Users/aliyacaldwell/Library/TinyTeX/texmf-dist/fonts/type1/public/lm/l
mr10.pfb></Users/aliyacaldwell/Library/TinyTeX/texmf-dist/fonts/type1/public/lm
/lmr12.pfb></Users/aliyacaldwell/Library/TinyTeX/texmf-dist/fonts/type1/public/
lm/lmr17.pfb></Users/aliyacaldwell/Library/TinyTeX/texmf-dist/fonts/type1/publi
c/lm/lmtt10.pfb>
Output written on Biol-806-Final-Project.pdf (7 pages, 461569 bytes).
PDF statistics:
 220 PDF objects out of 1000 (max. 8388607)
 170 compressed objects within 2 object streams
 25 named destinations out of 1000 (max. 500000)
 110 words of extra memory for PDF output out of 10000 (max. 10000000)

